<?xml version="1.0" encoding="UTF-8"?>
<!-- Generated by org.testng.reporters.JUnitReportReporter -->
<testsuite hostname="EMADHASHASH" failures="0" tests="1" name="ProjectTwo.MyTestCasesTwo" time="0.549" errors="0" timestamp="2023-11-30T23:16:22 GMT-08:00" skipped="0">
  <testcase classname="ProjectTwo.MyTestCasesTwo" name="MyFristTest" time="0.549"/>
  <system-out/>
</testsuite> <!-- ProjectTwo.MyTestCasesTwo -->
