<?xml version="1.0" encoding="UTF-8"?>
<!-- Generated by org.testng.reporters.JUnitReportReporter -->
<testsuite hostname="EMADHASHASH" failures="0" tests="3" name="ProjectOne.MyTestCases" time="23.355" errors="0" timestamp="2023-12-01T20:18:12 GMT-08:00" skipped="0">
  <testcase classname="ProjectOne.MyTestCases" name="addTwoItems" time="8.947"/>
  <system-out/>
  <testcase classname="ProjectOne.MyTestCases" name="addthreeItems" time="6.007"/>
  <system-out/>
  <testcase classname="ProjectOne.MyTestCases" name="addFourItems" time="8.401"/>
  <system-out/>
</testsuite> <!-- ProjectOne.MyTestCases -->
